2012-12-12 11:51:07	- SYSTE  - Connect to Database Successful
2012-12-12 11:51:07	- SYSTE  - Check DateTime Agent Pause
2012-12-12 11:51:07	- SYSTE  - Check DateTime Agent unLogout
2012-12-12 11:51:07	- SYSTE  - Connect to Asterisk Server Successful
2012-12-12 12:35:48	- SYSTE  - Connect to Database Successful
2012-12-12 12:35:48	- SYSTE  - Check DateTime Agent Pause
2012-12-12 12:35:48	- SYSTE  - Update Datetime Agent Pause	1111	1111
2012-12-12 12:35:48	- SYSTE  - Check DateTime Agent unLogout
2012-12-12 12:35:48	- SYSTE  - Update datetime agent unlogout	a	eEG8yfuATO
2012-12-12 12:35:49	- SYSTE  - Connect to Asterisk Server Successful
2012-12-12 12:39:22	- SYSTE  - Connect to Database Successful
2012-12-12 12:39:22	- SYSTE  - Check DateTime Agent Pause
2012-12-12 12:39:22	- SYSTE  - Check DateTime Agent unLogout
2012-12-12 12:39:22	- SYSTE  - Connect to Asterisk Server Successful
2012-12-12 12:40:19	- SYSTE  - Connect to Database Successful
2012-12-12 12:40:19	- SYSTE  - Check DateTime Agent Pause
2012-12-12 12:40:19	- SYSTE  - Check DateTime Agent unLogout
2012-12-12 12:40:19	- SYSTE  - Update datetime agent unlogout	a	8XW4TsTfeYtQsBo
2012-12-12 12:40:19	- SYSTE  - Connect to Asterisk Server Successful
2012-12-12 13:16:46	- SYSTE  - Connect to Database Successful
2012-12-12 13:16:46	- SYSTE  - Check DateTime Agent Pause
2012-12-12 13:16:46	- SYSTE  - Check DateTime Agent unLogout
2012-12-12 13:16:47	- SYSTE  - Connect to Asterisk Server Successful
2012-12-12 13:19:07	- SYSTE  - Connect to Database Successful
2012-12-12 13:19:07	- SYSTE  - Check DateTime Agent Pause
2012-12-12 13:19:07	- SYSTE  - Check DateTime Agent unLogout
2012-12-12 13:19:07	- SYSTE  - Update datetime agent unlogout	a	iYNhq4q9S0Wmdn3
2012-12-12 13:19:07	- SYSTE  - Connect to Asterisk Server Successful
2012-12-12 13:23:44	- SYSTE  - Connect to Database Successful
2012-12-12 13:23:44	- SYSTE  - Check DateTime Agent Pause
2012-12-12 13:23:45	- SYSTE  - Connect to Asterisk Server Successful
2012-12-12 13:23:52	- SYSTE  - Check DateTime Agent unLogout
2012-12-12 13:25:22	- SYSTE  - Connect to Database Successful
2012-12-12 13:25:22	- SYSTE  - Check DateTime Agent Pause
2012-12-12 13:25:22	- SYSTE  - Connect to Asterisk Server Successful
2012-12-12 13:25:25	- SYSTE  - Check DateTime Agent unLogout
2012-12-12 13:26:06	- SYSTE  - Update datetime agent unlogout	a	9JgIpibsYcPdrNX
2012-12-12 13:26:28	- SYSTE  - Update datetime agent unlogout	a	9JgIpibsYcPdrNX
2012-12-12 13:43:52	- SYSTE  - Connect to Database Successful
2012-12-12 13:43:52	- SYSTE  - Check DateTime Agent Pause
2012-12-12 13:43:52	- SYSTE  - Check DateTime Agent unLogout
2012-12-12 13:43:53	- SYSTE  - Connect to Asterisk Server Successful
2012-12-12 13:47:32	- SYSTE  - Connect to Database Successful
2012-12-12 13:47:32	- SYSTE  - Check DateTime Agent Pause
2012-12-12 13:47:32	- SYSTE  - Check DateTime Agent unLogout
2012-12-12 13:47:32	- SYSTE  - Update datetime agent unlogout(updatetime)	a	cbHhRBYaSmQtvx2
2012-12-12 13:47:32	- SYSTE  - Connect to Asterisk Server Successful
2012-12-12 13:50:29	- SYSTE  - Connect to Database Successful
2012-12-12 13:50:29	- SYSTE  - Check DateTime Agent Pause
2012-12-12 13:50:29	- SYSTE  - Check DateTime Agent unLogout
2012-12-12 13:50:30	- SYSTE  - Connect to Asterisk Server Successful
2012-12-12 13:51:00	- SYSTE  - Connect to Database Successful
2012-12-12 13:51:00	- SYSTE  - Check DateTime Agent Pause
2012-12-12 13:51:01	- SYSTE  - Connect to Asterisk Server Successful
2012-12-12 13:51:10	- SYSTE  - Check DateTime Agent unLogout
2012-12-12 13:51:37	- SYSTE  - Update datetime agent unlogout(updatetime)	a	4BnGaG6foo4hpeU
2012-12-12 13:52:06	- SYSTE  - Update datetime agent unlogout(remove queue)	a	4BnGaG6foo4hpeU
2012-12-12 13:52:57	- SYSTE  - Connect to Database Successful
2012-12-12 13:52:57	- SYSTE  - Check DateTime Agent Pause
2012-12-12 13:52:57	- SYSTE  - Check DateTime Agent unLogout
2012-12-12 13:52:57	- SYSTE  - Connect to Asterisk Server Successful
2012-12-12 13:53:19	- SYSTE  - Connect to Database Successful
2012-12-12 13:53:19	- SYSTE  - Check DateTime Agent Pause
2012-12-12 13:53:19	- SYSTE  - Check DateTime Agent unLogout
2012-12-12 13:53:19	- SYSTE  - Update datetime agent unlogout(updatetime)	b	TKfdzMbHw0t5LDe
2012-12-12 13:53:19	- SYSTE  - Connect to Asterisk Server Successful
2012-12-12 13:53:52	- SYSTE  - Connect to Database Successful
2012-12-12 13:53:52	- SYSTE  - Check DateTime Agent Pause
2012-12-12 13:53:52	- SYSTE  - Check DateTime Agent unLogout
2012-12-12 13:53:52	- SYSTE  - Connect to Asterisk Server Successful
2012-12-12 13:55:08	- SYSTE  - Connect to Database Successful
2012-12-12 13:55:08	- SYSTE  - Check DateTime Agent Pause
2012-12-12 13:55:08	- SYSTE  - Check DateTime Agent unLogout
2012-12-12 13:55:08	- SYSTE  - Connect to Asterisk Server Successful
2012-12-12 13:55:27	- SYSTE  - Connect to Database Successful
2012-12-12 13:55:27	- SYSTE  - Check DateTime Agent Pause
2012-12-12 13:55:27	- SYSTE  - Check DateTime Agent unLogout
2012-12-12 13:55:27	- SYSTE  - Update datetime agent unlogout(updatetime)	b	yJGdmArUOwK83eL
2012-12-12 13:55:28	- SYSTE  - Connect to Asterisk Server Successful
2012-12-12 13:59:41	- SYSTE  - Connect to Database Successful
2012-12-12 13:59:41	- SYSTE  - Check DateTime Agent Pause
2012-12-12 13:59:41	- SYSTE  - Check DateTime Agent unLogout
2012-12-12 14:00:20	- SYSTE  - Connect to Database Successful
2012-12-12 14:00:20	- SYSTE  - Check DateTime Agent Pause
2012-12-12 14:00:20	- SYSTE  - Check DateTime Agent unLogout
2012-12-12 14:00:20	- SYSTE  - Connect to Asterisk Server Successful
2012-12-12 14:00:45	- SYSTE  - Connect to Database Successful
2012-12-12 14:00:45	- SYSTE  - Check DateTime Agent Pause
2012-12-12 14:00:45	- SYSTE  - Check DateTime Agent unLogout
2012-12-12 14:00:45	- SYSTE  - Update datetime agent unlogout(updatetime)	b	ZCZHCLKeQXnMmdZ
2012-12-12 14:00:45	- SYSTE  - Connect to Asterisk Server Successful
2012-12-12 14:01:25	- SYSTE  - Connect to Database Successful
2012-12-12 14:01:25	- SYSTE  - Check DateTime Agent Pause
2012-12-12 14:01:25	- SYSTE  - Check DateTime Agent unLogout
2012-12-12 14:01:26	- SYSTE  - Connect to Asterisk Server Successful
2012-12-12 14:02:16	- SYSTE  - Connect to Database Successful
2012-12-12 14:02:16	- SYSTE  - Check DateTime Agent Pause
2012-12-12 14:02:17	- SYSTE  - Connect to Asterisk Server Successful
2012-12-12 14:02:21	- SYSTE  - Check DateTime Agent unLogout
2012-12-12 14:02:42	- SYSTE  - Update datetime agent unlogout(updatetime)	b	I8hDwsdSYKtc21M
2012-12-12 14:04:21	- SYSTE  - Connect to Database Successful
2012-12-12 14:04:21	- SYSTE  - Check DateTime Agent Pause
2012-12-12 14:04:21	- SYSTE  - Check DateTime Agent unLogout
2012-12-12 14:04:22	- SYSTE  - Connect to Asterisk Server Successful
2012-12-12 14:04:47	- SYSTE  - Connect to Database Successful
2012-12-12 14:04:47	- SYSTE  - Check DateTime Agent Pause
2012-12-12 14:04:47	- SYSTE  - Check DateTime Agent unLogout
2012-12-12 14:04:47	- SYSTE  - Connect to Asterisk Server Successful
2012-12-12 14:04:57	- SYSTE  - Update datetime agent unlogout(updatetime)	b	sB3oaMLHbU78qyb
2012-12-12 14:07:34	- SYSTE  - Connect to Database Successful
2012-12-12 14:07:34	- SYSTE  - Check DateTime Agent Pause
2012-12-12 14:07:34	- SYSTE  - Check DateTime Agent unLogout
2012-12-12 14:07:34	- SYSTE  - Connect to Asterisk Server Successful
2012-12-12 14:08:00	- SYSTE  - Connect to Database Successful
2012-12-12 14:08:00	- SYSTE  - Check DateTime Agent Pause
2012-12-12 14:08:00	- SYSTE  - Check DateTime Agent unLogout
2012-12-12 14:08:00	- SYSTE  - Connect to Asterisk Server Successful
2012-12-12 14:08:10	- SYSTE  - Update datetime agent unlogout(updatetime)	b	P38tgWH8VQTha1X
2012-12-12 14:10:41	- SYSTE  - Connect to Database Successful
2012-12-12 14:10:41	- SYSTE  - Check DateTime Agent Pause
2012-12-12 14:10:41	- SYSTE  - Connect to Asterisk Server Successful
2012-12-12 14:10:51	- SYSTE  - Check DateTime Agent unLogout
2012-12-12 14:10:51	- SYSTE  - Update datetime agent unlogout(updatetime)	c	R8fFGxfKijqeuqw
2012-12-12 14:13:19	- SYSTE  - Connect to Database Successful
2012-12-12 14:13:19	- SYSTE  - Check DateTime Agent Pause
2012-12-12 14:13:19	- SYSTE  - Connect to Asterisk Server Successful
2012-12-12 14:13:29	- SYSTE  - Check DateTime Agent unLogout
2012-12-12 14:20:26	- SYSTE  - Connect to Database Successful
2012-12-12 14:20:26	- SYSTE  - Check DateTime Agent Pause
2012-12-12 14:20:27	- SYSTE  - Connect to Asterisk Server Successful
2012-12-12 14:20:49	- SYSTE  - Connect to Database Successful
2012-12-12 14:20:49	- SYSTE  - Check DateTime Agent Pause
2012-12-12 14:20:50	- SYSTE  - Connect to Asterisk Server Successful
2012-12-12 14:20:59	- SYSTE  - Check DateTime Agent unLogout
2012-12-12 14:22:25	- SYSTE  - Connect to Database Successful
2012-12-12 14:22:25	- SYSTE  - Check DateTime Agent Pause
2012-12-12 14:22:26	- SYSTE  - Connect to Asterisk Server Successful
2012-12-12 14:22:35	- SYSTE  - Check DateTime Agent unLogout
2012-12-12 14:26:31	- SYSTE  - Connect to Database Successful
2012-12-12 14:26:31	- SYSTE  - Check DateTime Agent Pause
2012-12-12 14:26:32	- SYSTE  - Connect to Asterisk Server Successful
2012-12-12 14:26:41	- SYSTE  - Check DateTime Agent unLogout
2012-12-12 14:26:41	- SYSTE  - Update datetime agent unlogout(updatetime)	b	OTh1ltyOXMUCuxU
2012-12-12 14:31:21	- SYSTE  - Reload Asterisk Server
2012-12-12 14:38:25	- SYSTE  - Reload Asterisk Server
2012-12-12 14:38:29	- SYSTE  - Reload Asterisk Server
