
20-09-2012 15:46:36	Start CTIServer
20-09-2012 15:46:36	Waiting for client connect
20-09-2012 15:46:47	Acept Connect from client	127.0.0.1
20-09-2012 15:48:32	org.asteriskjava.manager.event.StatusCompleteEvent[dateReceived='Thu Sep 20 15:48:32 ICT 2012',sequencenumber=null,timestamp=null,actionid=null,internalactionid='24994308_4',items=null,server=null,systemHashcode=11807358]
20-09-2012 15:48:55	Start CTIServer
20-09-2012 15:48:58	Waiting for client connect
20-09-2012 15:49:23	Acept Connect from client	127.0.0.1
20-09-2012 15:50:36	org.asteriskjava.manager.event.StatusCompleteEvent[dateReceived='Thu Sep 20 15:50:36 ICT 2012',sequencenumber=null,timestamp=null,actionid=null,internalactionid='11412098_4',items=null,server=null,systemHashcode=16344914]
20-09-2012 15:50:41	Start CTIServer
20-09-2012 15:50:41	Waiting for client connect
20-09-2012 15:50:53	Acept Connect from client	127.0.0.1
20-09-2012 15:52:56	org.asteriskjava.manager.event.StatusCompleteEvent[dateReceived='Thu Sep 20 15:52:56 ICT 2012',sequencenumber=null,timestamp=null,actionid=null,internalactionid='6004953_4',items=null,server=null,systemHashcode=8441961]
20-09-2012 15:53:04	Start CTIServer
20-09-2012 15:53:05	Waiting for client connect
20-09-2012 15:53:15	Acept Connect from client	127.0.0.1
20-09-2012 16:08:03	org.asteriskjava.manager.event.ConnectEvent[dateReceived='Thu Sep 20 16:08:03 ICT 2012',timestamp=null,sequencenumber=null,server=null,protocolidentifier='Asterisk Call Manager/1.0',systemHashcode=29229929]
20-09-2012 16:08:03	org.asteriskjava.manager.event.StatusCompleteEvent[dateReceived='Thu Sep 20 16:08:03 ICT 2012',sequencenumber=null,timestamp=null,actionid=null,internalactionid='16706762_4',items=null,server=null,systemHashcode=3795544]
20-09-2012 16:08:03	Start CTIServer
20-09-2012 16:08:03	Waiting for client connect
20-09-2012 16:10:32	Acept Connect from client	127.0.0.1
20-09-2012 16:16:24	org.asteriskjava.manager.event.StatusCompleteEvent[dateReceived='Thu Sep 20 16:16:24 ICT 2012',sequencenumber=null,timestamp=null,actionid=null,internalactionid='18288830_4',items=null,server=null,systemHashcode=6233160]
20-09-2012 16:16:24	Start CTIServer
20-09-2012 16:16:24	Waiting for agent connect
20-09-2012 16:16:34	Acept Connect from client	127.0.0.1
20-09-2012 16:25:40	org.asteriskjava.manager.event.StatusCompleteEvent[dateReceived='Thu Sep 20 16:25:40 ICT 2012',sequencenumber=null,timestamp=null,actionid=null,internalactionid='18288830_4',items=null,server=null,systemHashcode=6233160]
20-09-2012 16:25:40	Start CTIServer
20-09-2012 16:25:40	Waiting for agent connect
20-09-2012 16:25:49	Acept Connect from client	127.0.0.1
20-09-2012 16:25:56	org.asteriskjava.manager.event.QueueMemberAddedEvent[dateReceived='Thu Sep 20 16:25:56 ICT 2012',privilege='agent,all',queue='8882',sequencenumber=null,membership='dynamic',status='1',location='SIP/8011',paused='false',timestamp=null,lastcall='0',membername='agent/8011',server=null,callstaken='0',penalty='99',systemHashcode=8642081]
20-09-2012 16:26:55	org.asteriskjava.manager.event.QueueMemberRemovedEvent[dateReceived='Thu Sep 20 16:26:55 ICT 2012',privilege='agent,all',queue='8882',sequencenumber=null,location='SIP/8011',timestamp=null,membername='agent/8011',server=null,systemHashcode=29292008]
20-09-2012 16:30:11	org.asteriskjava.manager.event.QueueMemberAddedEvent[dateReceived='Thu Sep 20 16:30:11 ICT 2012',privilege='agent,all',queue='8882',sequencenumber=null,membership='dynamic',status='1',location='SIP/8011',paused='false',timestamp=null,lastcall='0',membername='agent/8011',server=null,callstaken='0',penalty='99',systemHashcode=30303478]
20-09-2012 16:33:17	org.asteriskjava.manager.event.QueueMemberRemovedEvent[dateReceived='Thu Sep 20 16:33:17 ICT 2012',privilege='agent,all',queue='8882',sequencenumber=null,location='SIP/8011',timestamp=null,membername='agent/8011',server=null,systemHashcode=20612044]
20-09-2012 16:35:11	org.asteriskjava.manager.event.StatusCompleteEvent[dateReceived='Thu Sep 20 16:35:11 ICT 2012',sequencenumber=null,timestamp=null,actionid=null,internalactionid='11350939_4',items=null,server=null,systemHashcode=14464692]
20-09-2012 16:35:11	Start CTIServer
20-09-2012 16:35:11	Waiting for agent connect
20-09-2012 16:35:16	Acept Connect from client	127.0.0.1
20-09-2012 16:35:31	org.asteriskjava.manager.event.QueueMemberAddedEvent[dateReceived='Thu Sep 20 16:35:31 ICT 2012',privilege='agent,all',queue='8882',sequencenumber=null,membership='dynamic',status='1',location='SIP/8011',paused='false',timestamp=null,lastcall='0',membername='agent/8011',server=null,callstaken='0',penalty='99',systemHashcode=21545007]
20-09-2012 16:35:55	org.asteriskjava.manager.event.QueueMemberPausedEvent[dateReceived='Thu Sep 20 16:35:55 ICT 2012',privilege='agent,all',queue='8882',sequencenumber=null,reason=null,location='SIP/8011',paused='true',timestamp=null,membername='agent/8011',server=null,systemHashcode=22188493]
20-09-2012 16:36:09	org.asteriskjava.manager.event.QueueMemberPausedEvent[dateReceived='Thu Sep 20 16:36:09 ICT 2012',privilege='agent,all',queue='8882',sequencenumber=null,reason=null,location='SIP/8011',paused='false',timestamp=null,membername='agent/8011',server=null,systemHashcode=8643419]
20-09-2012 16:37:07	org.asteriskjava.manager.event.QueueMemberRemovedEvent[dateReceived='Thu Sep 20 16:37:07 ICT 2012',privilege='agent,all',queue='8882',sequencenumber=null,location='SIP/8011',timestamp=null,membername='agent/8011',server=null,systemHashcode=4249105]
20-09-2012 16:42:03	org.asteriskjava.manager.event.StatusCompleteEvent[dateReceived='Thu Sep 20 16:42:03 ICT 2012',sequencenumber=null,timestamp=null,actionid=null,internalactionid='32700170_4',items=null,server=null,systemHashcode=26607396]
20-09-2012 16:42:03	Start CTIServer
20-09-2012 16:42:03	Waiting for agent connect
20-09-2012 16:42:15	Acept Connect from client	127.0.0.1
20-09-2012 16:42:22	org.asteriskjava.manager.event.QueueMemberAddedEvent[dateReceived='Thu Sep 20 16:42:22 ICT 2012',privilege='agent,all',queue='8882',sequencenumber=null,membership='dynamic',status='1',location='SIP/8011',paused='false',timestamp=null,lastcall='0',membername='agent/8011',server=null,penalty='99',callstaken='0',systemHashcode=27106317]
20-09-2012 16:42:49	org.asteriskjava.manager.event.QueueMemberPausedEvent[dateReceived='Thu Sep 20 16:42:49 ICT 2012',privilege='agent,all',queue='8882',sequencenumber=null,reason=null,location='SIP/8011',paused='true',timestamp=null,membername='agent/8011',server=null,systemHashcode=3789605]
20-09-2012 16:43:03	org.asteriskjava.manager.event.QueueMemberPausedEvent[dateReceived='Thu Sep 20 16:43:03 ICT 2012',privilege='agent,all',queue='8882',sequencenumber=null,reason=null,location='SIP/8011',paused='false',timestamp=null,membername='agent/8011',server=null,systemHashcode=21072336]
20-09-2012 16:43:15	org.asteriskjava.manager.event.QueueMemberRemovedEvent[dateReceived='Thu Sep 20 16:43:15 ICT 2012',privilege='agent,all',queue='8882',sequencenumber=null,location='SIP/8011',timestamp=null,membername='agent/8011',server=null,systemHashcode=10384886]
