2013-01-11 14:58:30	LOGIN SUCCESS	6060
2013-01-11 14:58:44	PING from server	6060
2013-01-11 14:58:54	PING from server	6060
2013-01-11 14:59:03	LOGIN FAIL	6006
2013-01-11 14:59:04	PING from server	6060
2013-01-11 14:59:08	LOGIN SUCCESS	6006
2013-01-11 14:59:13	LOGOUT SUCCESS	6006

2013-01-11 14:59:14	PING from server	6060
2013-01-11 14:59:16	LOGOUT SUCCESS	6060

2013-01-11 15:02:08	LOGIN SUCCESS	6006
2013-01-11 15:02:21	DISCONNECT SERVER(interupt)	6060

2013-01-11 15:02:22	PING from server	6006
2013-01-11 15:02:32	PING from server	6006
2013-01-11 15:02:42	PING from server	6006
2013-01-11 15:02:45	LOGOUT SUCCESS	6006

2013-01-11 15:02:50	LOGIN SUCCESS	6060
2013-01-11 15:03:05	PING from server	6060
2013-01-11 15:03:15	PING from server	6060
2013-01-11 15:03:25	PING from server	6060
2013-01-11 15:03:35	PING from server	6060
2013-01-11 15:03:45	PING from server	6060
2013-01-11 15:03:55	PING from server	6060
2013-01-11 15:04:05	PING from server	6060
2013-01-11 15:04:15	PING from server	6060
2013-01-11 15:04:25	PING from server	6060
2013-01-11 15:04:35	PING from server	6060
2013-01-11 15:04:45	PING from server	6060
2013-01-11 15:04:55	PING from server	6060
2013-01-11 15:05:05	PING from server	6060
2013-01-11 15:05:14	DISCONNECT SERVER(interupt)	6010

2013-01-11 15:05:15	PING from server	6060
2013-01-11 15:05:25	PING from server	6060
2013-01-11 15:05:35	PING from server	6060
2013-01-11 15:05:45	PING from server	6060
2013-01-11 15:05:46	DISCONNECT SERVER(interupt)	6010

2013-01-11 15:05:50	LOGOUT SUCCESS	6060

2013-01-11 15:07:09	LOGIN SUCCESS	6010
2013-01-11 15:07:24	PING from server	6010
2013-01-11 15:07:34	PING from server	6010
2013-01-11 15:07:44	PING from server	6010
2013-01-11 15:07:54	PING from server	6010
2013-01-11 15:08:04	PING from server	6010
2013-01-11 15:08:14	PING from server	6010
2013-01-11 15:08:24	PING from server	6010
2013-01-11 15:08:34	PING from server	6010
2013-01-11 15:08:44	PING from server	6010
2013-01-11 15:08:54	PING from server	6010
2013-01-11 15:09:04	PING from server	6010
2013-01-11 15:09:14	PING from server	6010
2013-01-11 15:09:24	PING from server	6010
2013-01-11 15:09:34	PING from server	6010
2013-01-11 15:09:44	PING from server	6010
2013-01-11 15:09:54	PING from server	6010
2013-01-11 15:10:04	PING from server	6010
2013-01-11 15:10:14	PING from server	6010
2013-01-11 15:10:24	PING from server	6010
2013-01-11 15:10:34	PING from server	6010
2013-01-11 15:10:44	PING from server	6010
2013-01-11 15:10:54	PING from server	6010
2013-01-11 15:11:04	PING from server	6010
2013-01-11 15:11:14	PING from server	6010
2013-01-11 15:11:24	PING from server	6010
2013-01-11 15:11:34	PING from server	6010
2013-01-11 15:11:44	PING from server	6010
2013-01-11 15:11:54	PING from server	6010
2013-01-11 15:12:04	PING from server	6010
2013-01-11 15:12:14	PING from server	6010
2013-01-11 15:12:24	PING from server	6010
2013-01-11 15:12:34	PING from server	6010
2013-01-11 15:12:44	PING from server	6010
2013-01-11 15:12:54	PING from server	6010
2013-01-11 15:13:04	PING from server	6010
2013-01-11 15:13:14	PING from server	6010
2013-01-11 15:13:24	PING from server	6010
2013-01-11 15:13:34	PING from server	6010
2013-01-11 15:13:44	PING from server	6010
2013-01-11 15:13:54	PING from server	6010
2013-01-11 15:14:04	PING from server	6010
2013-01-11 15:14:14	PING from server	6010
2013-01-11 15:14:24	PING from server	6010
2013-01-11 15:14:34	PING from server	6010
2013-01-11 15:14:44	PING from server	6010
2013-01-11 15:14:54	PING from server	6010
2013-01-11 15:15:04	PING from server	6010
2013-01-11 15:15:14	PING from server	6010
2013-01-11 15:15:24	PING from server	6010
2013-01-11 15:15:34	PING from server	6010
2013-01-11 15:15:44	PING from server	6010
2013-01-11 15:15:54	PING from server	6010
2013-01-11 15:16:04	PING from server	6010
2013-01-11 15:16:14	PING from server	6010
2013-01-11 15:16:24	PING from server	6010
2013-01-11 15:16:34	PING from server	6010
2013-01-11 15:16:44	PING from server	6010
2013-01-11 15:16:54	PING from server	6010
2013-01-11 15:17:04	PING from server	6010
2013-01-11 15:17:14	PING from server	6010
2013-01-11 15:17:24	PING from server	6010
2013-01-11 15:17:34	PING from server	6010
2013-01-11 15:17:44	PING from server	6010
2013-01-11 15:17:54	PING from server	6010
2013-01-11 15:18:04	PING from server	6010
2013-01-11 15:18:14	PING from server	6010
2013-01-11 15:18:24	PING from server	6010
2013-01-11 15:18:34	PING from server	6010
2013-01-11 15:18:44	PING from server	6010
2013-01-11 15:18:54	PING from server	6010
2013-01-11 15:19:04	PING from server	6010
2013-01-11 15:19:14	PING from server	6010
2013-01-11 15:19:24	PING from server	6010
2013-01-11 15:19:34	PING from server	6010
2013-01-11 15:19:44	PING from server	6010
2013-01-11 15:19:54	PING from server	6010
2013-01-11 15:20:04	PING from server	6010
2013-01-11 15:20:14	PING from server	6010
2013-01-11 15:20:24	PING from server	6010
2013-01-11 15:20:34	PING from server	6010
2013-01-11 15:20:44	PING from server	6010
2013-01-11 15:20:54	PING from server	6010
2013-01-11 15:21:04	PING from server	6010
2013-01-11 15:21:14	PING from server	6010
2013-01-11 15:21:24	PING from server	6010
2013-01-11 15:21:34	PING from server	6010
2013-01-11 15:21:44	PING from server	6010
2013-01-11 15:21:54	PING from server	6010
2013-01-11 15:22:04	PING from server	6010
2013-01-11 15:22:14	PING from server	6010
2013-01-11 15:22:24	PING from server	6010
2013-01-11 15:22:34	PING from server	6010
2013-01-11 15:22:44	PING from server	6010
2013-01-11 15:22:54	PING from server	6010
2013-01-11 15:23:04	PING from server	6010
2013-01-11 15:23:14	PING from server	6010
2013-01-11 15:23:24	PING from server	6010
2013-01-11 15:23:34	PING from server	6010
2013-01-11 15:23:44	PING from server	6010
2013-01-11 15:23:54	PING from server	6010
2013-01-11 15:24:04	PING from server	6010
2013-01-11 15:24:14	PING from server	6010
2013-01-11 15:24:24	PING from server	6010
2013-01-11 15:24:34	PING from server	6010
2013-01-11 15:24:44	PING from server	6010
2013-01-11 15:24:54	PING from server	6010
2013-01-11 15:25:04	PING from server	6010
2013-01-11 15:25:14	PING from server	6010
2013-01-11 15:25:24	PING from server	6010
2013-01-11 15:25:34	PING from server	6010
2013-01-11 15:25:44	PING from server	6010
2013-01-11 15:25:54	PING from server	6010
2013-01-11 15:26:04	PING from server	6010
2013-01-11 15:26:14	PING from server	6010
2013-01-11 15:26:24	PING from server	6010
2013-01-11 15:26:34	PING from server	6010
2013-01-11 15:26:44	PING from server	6010
2013-01-11 15:26:54	PING from server	6010
2013-01-11 15:27:04	PING from server	6010
2013-01-11 15:27:14	PING from server	6010
2013-01-11 15:27:24	PING from server	6010
2013-01-11 15:27:34	PING from server	6010
2013-01-11 15:27:44	PING from server	6010
2013-01-11 15:27:52	DISCONNECT SERVER - Server interrupt	6010

2013-01-11 15:33:18	LOGIN SUCCESS	6060
2013-01-11 15:33:30	LOGOUT SUCCESS	6060

2013-01-11 15:36:41	LOGIN SUCCESS	6060
2013-01-11 15:36:45	LOGOUT SUCCESS	6060

2013-01-11 15:40:11	LOGIN SUCCESS	6060
2013-01-11 15:40:23	LOGOUT SUCCESS	6060

2013-01-11 15:41:38	LOGIN SUCCESS	6060
2013-01-11 15:41:49	LOGOUT SUCCESS	6060

2013-01-11 15:46:03	LOGIN SUCCESS	6060
2013-01-11 15:46:15	LOGOUT SUCCESS	6060

2013-01-11 15:47:35	LOGIN SUCCESS	6060
2013-01-11 15:47:37	PAUSE SUCCESS	6060
2013-01-11 15:47:50	PING from server	6060
2013-01-11 15:47:54	UNPAUSE SUCCESS	6060
2013-01-11 15:47:57	LOGOUT SUCCESS	6060

2013-01-11 16:23:44	LOGIN SUCCESS	6060
2013-01-11 16:23:58	PING from server	6060
2013-01-11 16:24:08	PING from server	6060
2013-01-11 16:24:18	PING from server	6060
2013-01-11 16:24:28	PING from server	6060
2013-01-11 16:24:38	PING from server	6060
2013-01-11 16:24:48	PING from server	6060
2013-01-11 16:24:58	PING from server	6060
2013-01-11 16:25:08	PING from server	6060
2013-01-11 16:25:17	LOGOUT SUCCESS	6060

2013-01-11 16:30:59	LOGIN SUCCESS	6060
2013-01-11 16:31:13	PING from server	6060
2013-01-11 16:31:23	PING from server	6060
2013-01-11 16:31:33	PING from server	6060
2013-01-11 16:31:40	LOGOUT SUCCESS	6060

2013-01-11 16:34:25	LOGIN FAIL	7890
2013-01-11 16:34:29	LOGIN FAIL	7890
2013-01-11 16:34:33	LOGIN FAIL	6060
2013-01-11 16:46:56	LOGIN SUCCESS	6060
2013-01-11 16:47:05	LOGOUT SUCCESS	6060

2013-01-11 16:47:52	LOGIN SUCCESS	6006
2013-01-11 16:47:53	PAUSE SUCCESS	6006
2013-01-11 16:48:06	PING from server	6006
2013-01-11 16:48:08	UNPAUSE SUCCESS	6006
2013-01-11 16:48:12	LOGOUT SUCCESS	6006

2013-01-11 16:53:03	LOGIN SUCCESS	6060
2013-01-11 16:53:06	PAUSE SUCCESS	6060
2013-01-11 16:53:07	UNPAUSE SUCCESS	6060
2013-01-11 16:53:17	PING from server	6060
2013-01-11 16:53:18	LOGOUT SUCCESS	6060

2013-01-11 16:53:29	LOGIN FAIL	6004
2013-01-11 16:53:38	LOGIN SUCCESS	6004
2013-01-11 16:53:49	LOGOUT SUCCESS	6004

2013-01-11 16:54:11	LOGIN SUCCESS	6060
2013-01-11 16:54:16	PAUSE SUCCESS	6060
2013-01-11 16:54:26	PING from server	6060
2013-01-11 16:54:36	PING from server	6060
2013-01-11 16:54:46	PING from server	6060
2013-01-11 16:54:56	PING from server	6060
2013-01-11 16:55:06	PING from server	6060
2013-01-11 16:55:16	PING from server	6060
2013-01-11 16:55:26	PING from server	6060
2013-01-11 16:55:36	PING from server	6060
2013-01-11 16:55:46	PING from server	6060
2013-01-11 16:55:56	PING from server	6060
2013-01-11 16:55:58	UNPAUSE SUCCESS	6060
2013-01-11 16:55:59	LOGOUT SUCCESS	6060

2013-01-14 14:32:41	LOGIN SUCCESS	6006
2013-01-14 14:32:56	PING from server	6006
2013-01-14 14:33:06	PING from server	6006
2013-01-14 14:33:40	DISCONNECT SERVER(interupt)	6006

2013-01-14 14:42:55	LOGIN SUCCESS	6006
2013-01-14 14:43:10	PING from server	6006
2013-01-14 14:43:20	PING from server	6006
2013-01-14 14:43:30	PING from server	6006
2013-01-14 14:43:40	PING from server	6006
2013-01-14 14:43:50	PING from server	6006
2013-01-14 14:44:00	PING from server	6006
2013-01-14 14:44:10	PING from server	6006
2013-01-14 14:44:20	PING from server	6006
2013-01-14 14:44:28	PAUSE FAIL	6006
2013-01-14 14:44:30	PING from server	6006
2013-01-14 14:44:40	PING from server	6006
2013-01-14 14:44:45	UNPAUSE FAIL	6006
2013-01-14 14:44:50	PING from server	6006
2013-01-14 14:45:00	PING from server	6006
2013-01-14 14:45:10	PING from server	6006
2013-01-14 14:45:20	PING from server	6006
2013-01-14 14:45:30	PING from server	6006
2013-01-14 14:45:32	LOGOUT FAIL
2013-01-14 14:45:40	PING from server	6006
2013-01-14 14:46:27	LOGIN SUCCESS	6006
2013-01-14 14:46:33	PAUSE SUCCESS	6006
2013-01-14 14:46:34	UNPAUSE SUCCESS	6006
2013-01-14 14:46:37	LOGOUT SUCCESS	6006

2013-01-14 14:46:54	LOGIN SUCCESS	6006
2013-01-14 14:47:06	PAUSE FAIL	6006
2013-01-14 14:47:09	PING from server	6006
2013-01-14 14:47:54	LOGIN SUCCESS	6006
2013-01-14 14:47:55	PAUSE SUCCESS	6006
2013-01-14 14:47:56	UNPAUSE SUCCESS	6006
2013-01-14 14:48:05	DIALOUT	0978420190
2013-01-14 14:48:09	PING from server	6006
2013-01-14 14:48:09	CONNECTED DIALOUT	0978420190
2013-01-14 14:48:13	HANGUP DIALOUT	0978420190
2013-01-14 14:48:19	PING from server	6006
2013-01-14 14:48:53	DISCONNECT SERVER(interupt)	6006

2013-01-14 14:50:56	LOGIN SUCCESS	6006
2013-01-14 14:51:03	DIALOUT	0978420190
2013-01-14 14:51:08	HANGUP DIALOUT	0978420190
2013-01-14 14:51:11	PING from server	6006
2013-01-14 14:51:12	PAUSE SUCCESS	6006
2013-01-14 14:51:14	UNPAUSE SUCCESS	6006
2013-01-14 14:51:19	LOGOUT SUCCESS	6006

2013-01-14 14:51:28	LOGIN SUCCESS	6006
2013-01-14 14:51:38	RINGING	0873058080
2013-01-14 14:51:39	CONNECTED	0873058080
2013-01-14 14:51:43	PING from server	6006
2013-01-14 14:51:53	PING from server	6006
2013-01-14 14:52:03	PING from server	6006
2013-01-14 14:52:06	COMPLETED	0873058080
2013-01-14 14:52:13	PING from server	6006
2013-01-14 14:52:16	LOGOUT SUCCESS	6006

2013-01-14 14:55:05	LOGIN SUCCESS	6006
2013-01-14 14:55:09	PAUSE SUCCESS	6006
2013-01-14 14:55:10	UNPAUSE SUCCESS	6006
2013-01-14 14:55:18	DIALOUT	0978420190
2013-01-14 14:55:20	PING from server	6006
2013-01-14 14:55:22	HANGUP DIALOUT	0978420190
2013-01-14 14:55:30	PING from server	6006
2013-01-14 14:55:32	PAUSE SUCCESS	6006
2013-01-14 14:55:54	DISCONNECT SERVER(interupt)	6006

2013-01-14 14:59:28	LOGIN SUCCESS	6006
2013-01-14 14:59:34	PAUSE SUCCESS	6006
2013-01-14 14:59:57	DISCONNECT SERVER(interupt)	6006

2013-01-14 21:58:37	LOGIN FAIL	6006
2013-01-14 21:58:42	LOGIN FAIL	6006
2013-01-14 21:58:47	LOGIN SUCCESS	6006
2013-01-14 21:58:53	LOGOUT SUCCESS	6006

2013-01-14 22:02:07	LOGIN SUCCESS	6006
2013-01-14 22:02:09	PAUSE SUCCESS	6006
2013-01-14 22:02:09	UNPAUSE SUCCESS	6006
2013-01-14 22:02:22	PING from server	6006
2013-01-14 22:02:32	PING from server	6006
2013-01-14 22:02:40	DIALOUT	0939345120
2013-01-14 22:02:42	PING from server	6006
2013-01-14 22:02:50	HANGUP DIALOUT	0939345120
2013-01-14 22:02:52	PING from server	6006
2013-01-14 22:03:02	PING from server	6006
2013-01-14 22:03:12	PING from server	6006
2013-01-14 22:03:16	PAUSE SUCCESS	6006
2013-01-14 22:03:17	UNPAUSE SUCCESS	6006
2013-01-14 22:03:20	LOGOUT SUCCESS	6006

2013-01-14 22:04:59	LOGIN SUCCESS	6006
2013-01-14 22:05:01	PAUSE SUCCESS	6006
2013-01-14 22:05:04	UNPAUSE SUCCESS	6006
2013-01-14 22:05:13	PING from server	6006
2013-01-14 22:05:23	PING from server	6006
2013-01-14 22:05:48	DISCONNECT SERVER(interupt)	6006

2013-01-14 22:06:35	DISCONNECT SERVER(interupt)	43

2013-01-14 22:13:16	LOGIN FAIL	65
2013-01-14 22:13:25	LOGIN FAIL	6006
2013-01-14 22:13:34	LOGIN SUCCESS	6006
2013-01-14 22:13:49	PING from server	6006
2013-01-14 22:13:59	PING from server	6006
2013-01-14 22:14:09	PING from server	6006
2013-01-14 22:14:11	PAUSE SUCCESS	6006
2013-01-14 22:14:19	PING from server	6006
2013-01-14 22:14:29	PING from server	6006
2013-01-14 22:14:39	PING from server	6006
2013-01-14 22:14:45	UNPAUSE SUCCESS	6006
2013-01-14 22:14:49	PING from server	6006
2013-01-14 22:14:59	PING from server	6006
2013-01-14 22:15:09	PING from server	6006
2013-01-14 22:15:12	DISCONNECT SERVER - Server interrupt	6006

2013-01-14 22:17:47	LOGIN SUCCESS	6006
2013-01-14 22:18:01	PING from server	6006
2013-01-14 22:18:07	DISCONNECT SERVER - Server interrupt	6006

2013-01-15 09:40:38	LOGIN SUCCESS	6006
2013-01-15 09:40:41	PAUSE SUCCESS	6006
2013-01-15 09:40:42	UNPAUSE SUCCESS	6006
2013-01-15 09:40:53	PING from server	6006
2013-01-15 09:41:03	PING from server	6006
2013-01-15 09:41:13	PING from server	6006
2013-01-15 09:41:22	RINGING	0873058080
2013-01-15 09:41:23	CONNECTED	0873058080
2013-01-15 09:41:23	PING from server	6006
2013-01-15 09:41:30	COMPLETED	0873058080
2013-01-15 09:41:33	PING from server	6006
2013-01-15 09:41:43	PING from server	6006
2013-01-15 09:41:47	RINGING	0873058080
2013-01-15 09:41:48	CONNECTED	0873058080
2013-01-15 09:41:53	PING from server	6006
2013-01-15 09:42:03	PING from server	6006
2013-01-15 09:42:11	COMPLETED	0873058080
2013-01-15 09:42:12	PAUSE SUCCESS	6006
2013-01-15 09:42:13	UNPAUSE SUCCESS	6006
2013-01-15 09:42:13	PING from server	6006
2013-01-15 09:42:23	PING from server	6006
2013-01-15 09:42:33	PING from server	6006
2013-01-15 09:42:43	PING from server	6006
2013-01-15 09:42:53	PING from server	6006
2013-01-15 09:43:03	PING from server	6006
2013-01-15 09:43:10	DISCONNECT SERVER - Server interrupt	6006

2013-01-15 10:03:19	LOGIN SUCCESS	6006
2013-01-15 10:03:33	PING from server	6006
2013-01-15 10:03:43	PING from server	6006
2013-01-15 10:03:53	PING from server	6006
2013-01-15 10:04:03	PING from server	6006
2013-01-15 10:04:13	PING from server	6006
2013-01-15 10:04:23	PING from server	6006
2013-01-15 10:04:33	PING from server	6006
2013-01-15 10:04:43	PING from server	6006
2013-01-15 10:04:53	PING from server	6006
2013-01-15 10:05:03	PING from server	6006
2013-01-15 10:05:13	PING from server	6006
2013-01-15 10:05:23	PING from server	6006
2013-01-15 10:05:33	PING from server	6006
2013-01-15 10:05:43	PING from server	6006
2013-01-15 10:05:53	PING from server	6006
2013-01-15 10:06:03	PING from server	6006
2013-01-15 10:06:13	PING from server	6006
2013-01-15 10:06:24	PING from server	6006
2013-01-15 10:06:33	PING from server	6006
2013-01-15 10:06:43	PING from server	6006
2013-01-15 10:06:53	PING from server	6006
2013-01-15 10:07:00	LOGOUT SUCCESS	6006

2013-01-15 10:15:06	LOGIN SUCCESS	6006
2013-01-15 10:15:21	PING from server	6006
2013-01-15 10:15:31	PING from server	6006
2013-01-15 10:15:41	PING from server	6006
2013-01-15 10:15:47	PAUSE SUCCESS	6006
2013-01-15 10:15:47	UNPAUSE SUCCESS	6006
2013-01-15 10:15:51	PING from server	6006
2013-01-15 10:16:01	PING from server	6006
2013-01-15 10:16:11	PING from server	6006
2013-01-15 10:16:21	PING from server	6006
2013-01-15 10:16:30	PAUSE SUCCESS	6006
2013-01-15 10:16:31	PING from server	6006
2013-01-15 10:16:32	UNPAUSE SUCCESS	6006
2013-01-15 10:16:36	LOGOUT SUCCESS	6006

2013-01-15 10:18:27	LOGIN SUCCESS	6006
2013-01-15 10:18:38	DISCONNECT SERVER - Server interrupt	6006

2013-01-15 10:22:32	LOGIN SUCCESS	6006
2013-01-15 10:22:47	PING from server	6006
2013-01-15 10:22:53	RINGING	0873058080
2013-01-15 10:22:53	CONNECTED	0873058080
2013-01-15 10:22:57	PING from server	6006
2013-01-15 10:23:02	COMPLETED	0873058080
2013-01-15 10:23:07	PING from server	6006
2013-01-15 10:23:17	PING from server	6006
2013-01-15 10:23:27	PING from server	6006
2013-01-15 10:23:37	PING from server	6006
2013-01-15 10:23:47	PING from server	6006
2013-01-15 10:23:57	PING from server	6006
2013-01-15 10:24:07	PING from server	6006
2013-01-15 10:24:17	PING from server	6006
2013-01-15 10:24:27	PING from server	6006
2013-01-15 10:24:37	PING from server	6006
2013-01-15 10:24:47	PING from server	6006
2013-01-15 10:24:57	PING from server	6006
2013-01-15 10:25:07	PING from server	6006
2013-01-15 10:25:25	CHANGE PASSWORD SUCCESS	6006
2013-01-15 10:25:25	PING from server	6006
2013-01-15 10:25:27	PING from server	6006
2013-01-15 10:25:30	LOGOUT SUCCESS	6006

2013-01-15 10:25:42	LOGIN SUCCESS	6006
2013-01-15 10:25:57	PING from server	6006
2013-01-15 10:26:07	PING from server	6006
2013-01-15 10:26:17	PING from server	6006
2013-01-15 10:26:27	PING from server	6006
2013-01-15 10:26:39	CHANGE PASSWORD SUCCESS	6006
2013-01-15 10:26:39	PING from server	6006
2013-01-15 10:26:47	PING from server	6006
2013-01-15 10:26:48	DISCONNECT SERVER - Server interrupt	6006

2013-01-15 10:28:14	LOGIN SUCCESS	6006
2013-01-15 10:28:33	CHANGE PASSWORD SUCCESS	6006
2013-01-15 10:28:33	PING from server	6006
2013-01-15 10:28:35	LOGOUT SUCCESS	6006

2013-01-15 10:33:59	LOGIN FAIL	6006
2013-01-15 10:34:07	LOGIN FAIL	6006
2013-01-15 10:34:12	LOGIN SUCCESS	6006
2013-01-15 10:34:26	PING from server	6006
2013-01-15 10:34:31	CHANGE PASSWORD SUCCESS	6006
2013-01-15 10:34:33	LOGOUT SUCCESS	6006

2013-01-15 10:35:32	LOGIN SUCCESS	6006
2013-01-15 10:35:45	CHANGE PASSWORD SUCCESS	6006
2013-01-15 10:35:47	PING from server	6006
2013-01-15 10:35:48	DISCONNECT SERVER - Server interrupt	6006

2013-01-15 10:36:37	LOGIN SUCCESS	6006
2013-01-15 10:36:50	CHANGE PASSWORD SUCCESS	6006
2013-01-15 10:36:51	PING from server	6006
2013-01-15 10:36:52	LOGOUT SUCCESS	6006

2013-01-15 10:37:42	LOGIN SUCCESS	6006
2013-01-15 10:37:52	CHANGE PASSWORD SUCCESS	6006
2013-01-15 10:37:57	PING from server	6006
2013-01-15 10:38:07	PING from server	6006
2013-01-15 10:38:07	DISCONNECT SERVER - Server interrupt	6006

2013-01-15 10:54:08	LOGIN FAIL	6006
2013-01-15 10:54:12	LOGIN FAIL	6006
2013-01-15 10:54:15	LOGIN FAIL	6006
2013-01-15 10:54:18	LOGIN FAIL	6006
2013-01-15 10:54:22	LOGIN SUCCESS	6006
2013-01-15 10:54:34	CHANGE PASSWORD SUCCESS	6006
2013-01-15 10:54:37	PING from server	6006
2013-01-15 10:54:47	PING from server	6006
2013-01-15 10:54:57	PING from server	6006
2013-01-15 10:55:07	PING from server	6006
2013-01-15 10:55:17	PING from server	6006
2013-01-15 10:55:27	PING from server	6006
2013-01-15 10:55:29	DISCONNECT SERVER - Server interrupt	6006

2013-01-15 11:45:15	LOGIN SUCCESS	6005
2013-01-15 11:45:30	PING from server	6005
2013-01-15 11:45:35	LOGOUT SUCCESS	6005

2013-01-15 17:28:13	LOGIN SUCCESS	6006
2013-01-15 17:28:19	PAUSE SUCCESS	6006
2013-01-15 17:28:20	UNPAUSE SUCCESS	6006
2013-01-15 17:28:27	PING from server	6006
2013-01-15 17:28:37	PING from server	6006
2013-01-15 17:28:47	PING from server	6006
2013-01-15 17:28:57	PING from server	6006
2013-01-15 17:29:07	PING from server	6006
2013-01-15 17:29:17	PING from server	6006
2013-01-15 17:29:27	PING from server	6006
2013-01-15 17:29:37	PING from server	6006
2013-01-15 17:29:47	PING from server	6006
2013-01-15 17:29:57	PING from server	6006
2013-01-15 17:30:04	PAUSE SUCCESS	6006
2013-01-15 17:30:05	UNPAUSE SUCCESS	6006
2013-01-15 17:30:07	PING from server	6006
2013-01-15 17:30:17	PING from server	6006
2013-01-15 17:30:27	PING from server	6006
2013-01-15 17:30:37	PING from server	6006
2013-01-15 17:30:47	PING from server	6006
2013-01-15 17:30:54	PAUSE SUCCESS	6006
2013-01-15 17:30:55	UNPAUSE SUCCESS	6006
2013-01-15 17:30:57	PING from server	6006
2013-01-15 17:31:07	PING from server	6006
2013-01-15 17:31:17	PING from server	6006
2013-01-15 17:31:27	PING from server	6006
2013-01-15 17:31:37	PING from server	6006
2013-01-15 17:31:44	LOGOUT SUCCESS	6006

2013-01-15 17:34:38	LOGIN SUCCESS	6006
2013-01-15 17:34:52	PING from server	6006
2013-01-15 17:35:02	PING from server	6006
2013-01-15 17:35:12	PING from server	6006
2013-01-15 17:35:22	PING from server	6006
2013-01-15 17:35:32	PING from server	6006
2013-01-15 17:35:42	PING from server	6006
2013-01-15 17:35:52	PING from server	6006
2013-01-15 17:36:02	PING from server	6006
2013-01-15 17:36:12	PING from server	6006
2013-01-15 17:45:59	LOGIN SUCCESS	6006
2013-01-15 17:46:14	PING from server	6006
2013-01-15 17:46:24	PING from server	6006
2013-01-15 17:46:34	PING from server	6006
2013-01-15 17:46:44	PING from server	6006
2013-01-15 17:46:54	PING from server	6006
2013-01-15 17:47:04	PING from server	6006
2013-01-15 17:47:14	PING from server	6006
2013-01-15 17:47:24	PING from server	6006
2013-01-15 17:47:33	PAUSE SUCCESS	6006
2013-01-15 17:47:34	PING from server	6006
2013-01-15 17:47:44	PING from server	6006
2013-01-15 17:47:54	PING from server	6006
2013-01-15 17:50:29	LOGIN SUCCESS	6006
2013-01-15 17:50:44	PING from server	6006
2013-01-15 17:50:54	PING from server	6006
2013-01-15 17:51:04	PING from server	6006
2013-01-15 17:51:14	PING from server	6006
2013-01-15 17:51:24	PING from server	6006
2013-01-15 17:51:34	PING from server	6006
2013-01-15 17:51:43	LOGOUT SUCCESS	6006

2013-01-15 22:19:02	LOGIN SUCCESS	6002
2013-01-15 22:19:17	PING from server	6002
2013-01-15 22:19:27	PING from server	6002
2013-01-15 22:19:37	PING from server	6002
2013-01-15 22:19:47	PING from server	6002
2013-01-15 22:19:57	PING from server	6002
2013-01-15 22:20:07	PING from server	6002
2013-01-15 22:20:17	PING from server	6002
2013-01-15 22:20:27	PING from server	6002
2013-01-15 22:20:37	PING from server	6002
2013-01-15 22:20:47	PING from server	6002
2013-01-15 22:20:57	PING from server	6002
2013-01-15 22:21:07	PING from server	6002
2013-01-15 22:21:17	PING from server	6002
2013-01-15 22:21:27	PING from server	6002
2013-01-15 22:21:37	PING from server	6002
2013-01-15 22:21:47	PING from server	6002
2013-01-15 22:21:55	LOGOUT SUCCESS	6002

2013-01-15 22:22:42	LOGIN SUCCESS	6006
2013-01-15 22:22:50	LOGOUT SUCCESS	6006

2013-01-15 22:26:49	LOGIN SUCCESS	6006
2013-01-15 22:26:52	PAUSE SUCCESS	6006
2013-01-15 22:26:53	UNPAUSE SUCCESS	6006
2013-01-15 22:26:57	PAUSE SUCCESS	6006
2013-01-15 22:26:58	UNPAUSE SUCCESS	6006
2013-01-15 22:27:04	PING from server	6006
2013-01-15 22:27:14	PING from server	6006
2013-01-15 22:27:24	PING from server	6006
2013-01-15 22:27:34	PING from server	6006
2013-01-15 22:27:44	PING from server	6006
2013-01-15 22:27:54	PING from server	6006
2013-01-15 22:28:04	PING from server	6006
2013-01-15 22:28:14	PING from server	6006
2013-01-15 22:28:24	PING from server	6006
2013-01-15 22:38:09	LOGIN SUCCESS	6006
2013-01-15 22:38:24	PING from server	6006
2013-01-15 22:38:34	PING from server	6006
2013-01-15 22:38:44	PING from server	6006
2013-01-15 22:38:54	PING from server	6006
2013-01-15 22:39:04	PING from server	6006
2013-01-15 22:39:14	PING from server	6006
2013-01-15 22:39:24	PING from server	6006
2013-01-15 22:39:34	PING from server	6006
2013-01-15 22:39:44	PING from server	6006
2013-01-15 22:39:54	PING from server	6006
2013-01-15 22:40:04	PING from server	6006
2013-01-15 22:40:14	PING from server	6006
2013-01-15 22:40:23	PAUSE SUCCESS	6006
2013-01-15 22:40:24	PING from server	6006
2013-01-15 22:40:31	UNPAUSE SUCCESS	6006
2013-01-15 22:40:34	PING from server	6006
2013-01-15 22:40:44	PING from server	6006
2013-01-15 22:40:54	PING from server	6006
2013-01-15 22:41:04	PING from server	6006
2013-01-15 22:41:14	PING from server	6006
2013-01-15 22:41:24	PING from server	6006
2013-01-15 22:41:34	PING from server	6006
2013-01-15 22:41:44	PING from server	6006
2013-01-15 22:41:54	PING from server	6006
2013-01-15 22:42:04	PING from server	6006
2013-01-15 22:42:14	PING from server	6006
2013-01-15 22:42:24	PING from server	6006
2013-01-15 22:42:34	PING from server	6006
2013-01-15 22:42:44	PING from server	6006
2013-01-15 22:42:54	PING from server	6006
2013-01-15 22:43:04	PING from server	6006
2013-01-15 22:43:14	PING from server	6006
2013-01-15 22:43:24	PING from server	6006
2013-01-15 22:43:26	PAUSE SUCCESS	6006
2013-01-15 22:43:34	PING from server	6006
2013-01-15 22:43:44	PING from server	6006
2013-01-15 22:43:54	PING from server	6006
2013-01-15 22:44:04	PING from server	6006
2013-01-15 22:44:14	PING from server	6006
2013-01-15 22:44:24	PING from server	6006
2013-01-15 22:44:30	UNPAUSE SUCCESS	6006
2013-01-15 22:44:34	PING from server	6006
2013-01-15 22:44:36	LOGOUT SUCCESS	6006

2013-01-15 22:46:07	LOGIN SUCCESS	6006
2013-01-15 22:46:22	PING from server	6006
2013-01-15 22:46:32	PING from server	6006
2013-01-15 22:46:42	PING from server	6006
2013-01-15 22:46:46	PAUSE SUCCESS	6006
2013-01-15 22:46:47	UNPAUSE SUCCESS	6006
2013-01-15 22:46:52	PING from server	6006
2013-01-15 22:47:02	PING from server	6006
2013-01-15 22:47:12	PING from server	6006
2013-01-15 22:47:22	PING from server	6006
2013-01-15 22:47:32	PING from server	6006
2013-01-15 22:47:42	PING from server	6006
2013-01-15 22:47:52	PING from server	6006
2013-01-15 22:48:02	PING from server	6006
2013-01-15 22:48:12	PING from server	6006
2013-01-15 22:48:22	PING from server	6006
2013-01-15 22:48:32	PING from server	6006
2013-01-15 22:48:42	PING from server	6006
2013-01-15 22:48:52	PING from server	6006
2013-01-15 22:49:02	PING from server	6006
2013-01-15 22:49:12	PING from server	6006
2013-01-15 22:49:22	PING from server	6006
2013-01-15 22:49:24	PAUSE SUCCESS	6006
2013-01-15 22:49:25	UNPAUSE SUCCESS	6006
2013-01-15 22:49:32	PING from server	6006
2013-01-15 22:49:42	PING from server	6006
2013-01-15 22:49:52	PING from server	6006
2013-01-15 22:50:02	PING from server	6006
2013-01-15 22:50:12	PING from server	6006
2013-01-15 22:50:13	PAUSE SUCCESS	6006
2013-01-15 22:50:22	PING from server	6006
2013-01-15 22:50:32	PING from server	6006
2013-01-15 23:02:34	LOGIN SUCCESS	6006
2013-01-15 23:02:48	PING from server	6006
2013-01-15 23:02:58	PING from server	6006
2013-01-15 23:03:08	PING from server	6006
2013-01-15 23:03:18	PING from server	6006
2013-01-15 23:03:28	PING from server	6006
2013-01-15 23:03:29	LOGOUT SUCCESS	6006

2013-01-15 23:04:38	LOGIN SUCCESS	6006
2013-01-15 23:04:47	PAUSE SUCCESS	6006
2013-01-15 23:04:48	UNPAUSE SUCCESS	6006
2013-01-15 23:04:53	PING from server	6006
2013-01-15 23:05:03	PING from server	6006
2013-01-15 23:05:13	PING from server	6006
2013-01-15 23:05:23	PING from server	6006
2013-01-15 23:05:33	PING from server	6006
2013-01-15 23:05:43	PING from server	6006
2013-01-15 23:05:53	PING from server	6006
2013-01-15 23:06:03	PING from server	6006
2013-01-15 23:06:13	PING from server	6006
2013-01-15 23:06:20	DISCONNECT SERVER - Server interrupt	6006

2013-01-15 23:07:01	LOGIN SUCCESS	6006
2013-01-15 23:07:15	PING from server	6006
2013-01-15 23:07:25	PING from server	6006
2013-01-15 23:07:35	PING from server	6006
2013-01-15 23:07:45	PING from server	6006
2013-01-15 23:07:55	PING from server	6006
2013-01-15 23:08:05	PING from server	6006
2013-01-15 23:08:15	PING from server	6006
2013-01-15 23:08:25	PING from server	6006
2013-01-15 23:08:35	PING from server	6006
2013-01-15 23:08:45	PING from server	6006
2013-01-15 23:08:49	PAUSE SUCCESS	6006
2013-01-15 23:08:53	UNPAUSE SUCCESS	6006
2013-01-15 23:08:55	PING from server	6006
2013-01-15 23:09:05	PING from server	6006
2013-01-15 23:09:15	PING from server	6006
2013-01-15 23:09:25	PING from server	6006
2013-01-15 23:09:31	PAUSE SUCCESS	6006
2013-01-15 23:09:32	UNPAUSE SUCCESS	6006
2013-01-15 23:09:35	DISCONNECT SERVER - Server interrupt	6006

2013-01-15 23:21:43	LOGIN SUCCESS	6006
2013-01-15 23:21:58	PING from server	6006
2013-01-15 23:22:08	PING from server	6006
2013-01-15 23:22:18	PING from server	6006
2013-01-15 23:22:28	PING from server	6006
2013-01-15 23:22:38	PING from server	6006
2013-01-15 23:22:48	PING from server	6006
2013-01-15 23:22:58	PING from server	6006
2013-01-15 23:23:08	PING from server	6006
2013-01-15 23:23:18	PING from server	6006
2013-01-15 23:23:28	PING from server	6006
2013-01-15 23:23:38	PING from server	6006
2013-01-15 23:23:48	PING from server	6006
2013-01-15 23:23:58	PING from server	6006
2013-01-15 23:24:08	PING from server	6006
2013-01-15 23:24:18	PING from server	6006
2013-01-15 23:24:28	PING from server	6006
2013-01-15 23:24:38	PING from server	6006
2013-01-15 23:24:48	PING from server	6006
2013-01-15 23:25:25	DISCONNECT SERVER - Server interrupt	6006

2013-01-15 23:30:46	LOGIN SUCCESS	6006
2013-01-15 23:31:00	PING from server	6006
2013-01-15 23:31:08	PAUSE SUCCESS	6006
2013-01-15 23:31:10	PING from server	6006
2013-01-15 23:31:12	UNPAUSE SUCCESS	6006
2013-01-15 23:31:20	PING from server	6006
2013-01-15 23:31:30	PING from server	6006
2013-01-15 23:31:40	PING from server	6006
2013-01-15 23:31:50	PING from server	6006
2013-01-15 23:32:00	PING from server	6006
2013-01-15 23:32:10	PING from server	6006
2013-01-15 23:32:20	PING from server	6006
2013-01-15 23:32:30	PING from server	6006
2013-01-15 23:32:40	PING from server	6006
2013-01-15 23:32:50	PING from server	6006
2013-01-15 23:33:00	PING from server	6006
2013-01-15 23:33:10	PING from server	6006
2013-01-15 23:33:20	PING from server	6006
2013-01-15 23:33:30	PING from server	6006
2013-01-15 23:33:40	PING from server	6006
2013-01-15 23:33:50	PING from server	6006
2013-01-15 23:34:00	PING from server	6006
2013-01-15 23:34:10	PING from server	6006
2013-01-15 23:34:20	PING from server	6006
2013-01-15 23:34:30	PING from server	6006
2013-01-15 23:34:40	PING from server	6006
2013-01-15 23:34:50	PING from server	6006
2013-01-15 23:35:00	PING from server	6006
2013-01-15 23:35:10	PING from server	6006
2013-01-15 23:35:20	PING from server	6006
2013-01-15 23:35:30	PING from server	6006
2013-01-15 23:35:40	PING from server	6006
2013-01-15 23:53:45	DISCONNECT SERVER - Server interrupt	6006

2013-01-15 23:55:18	LOGIN SUCCESS	6006
2013-01-15 23:55:33	PING from server	6006
2013-01-15 23:55:43	PING from server	6006
2013-01-15 23:55:53	PING from server	6006
2013-01-15 23:56:03	PING from server	6006
2013-01-15 23:56:13	PING from server	6006
2013-01-15 23:56:17	PAUSE SUCCESS	6006
2013-01-15 23:56:19	UNPAUSE SUCCESS	6006
2013-01-15 23:56:23	PING from server	6006
2013-01-15 23:56:33	PING from server	6006
2013-01-15 23:56:43	PING from server	6006
2013-01-15 23:56:53	PING from server	6006
2013-01-15 23:57:03	PING from server	6006
2013-01-15 23:57:13	PING from server	6006
2013-01-15 23:57:23	PING from server	6006
2013-01-15 23:57:33	PING from server	6006
2013-01-15 23:57:38	PAUSE SUCCESS	6006
2013-01-15 23:57:40	UNPAUSE SUCCESS	6006
2013-01-15 23:57:43	PING from server	6006
2013-01-15 23:57:53	PING from server	6006
2013-01-15 23:58:03	PING from server	6006
2013-01-15 23:58:13	PING from server	6006
2013-01-15 23:58:23	PING from server	6006
2013-01-15 23:58:33	PING from server	6006
2013-01-15 23:58:43	PING from server	6006
2013-01-15 23:58:53	PING from server	6006
2013-01-15 23:59:03	PING from server	6006
2013-01-15 23:59:13	PING from server	6006
2013-01-15 23:59:23	PING from server	6006
2013-01-15 23:59:32	PAUSE SUCCESS	6006
2013-01-15 23:59:33	PING from server	6006
2013-01-15 23:59:41	UNPAUSE SUCCESS	6006
2013-01-15 23:59:43	PING from server	6006
2013-01-15 23:59:53	PING from server	6006
2013-01-16 00:00:03	PING from server	6006
2013-01-16 00:00:13	PING from server	6006
2013-01-16 00:00:23	PING from server	6006
2013-01-16 00:00:33	PING from server	6006
2013-01-16 00:00:43	PING from server	6006
2013-01-16 00:00:53	PING from server	6006
2013-01-16 00:01:03	PING from server	6006
2013-01-16 00:01:04	PAUSE SUCCESS	6006
2013-01-16 00:01:06	UNPAUSE SUCCESS	6006
2013-01-16 00:01:11	LOGOUT SUCCESS	6006

2013-01-16 00:01:42	LOGIN SUCCESS	6006
2013-01-16 00:01:44	PAUSE SUCCESS	6006
2013-01-16 00:01:46	UNPAUSE SUCCESS	6006
2013-01-16 00:01:48	LOGOUT SUCCESS	6006

2013-01-16 00:05:09	LOGIN SUCCESS	6006
2013-01-16 00:05:17	PAUSE SUCCESS	6006
2013-01-16 00:05:18	UNPAUSE SUCCESS	6006
2013-01-16 00:05:24	PING from server	6006
2013-01-16 00:05:34	PING from server	6006
2013-01-16 00:05:44	PING from server	6006
2013-01-16 00:05:54	PING from server	6006
2013-01-16 00:06:04	PING from server	6006
2013-01-16 00:06:14	PING from server	6006
2013-01-16 00:06:24	PING from server	6006
2013-01-16 00:06:25	DISCONNECT SERVER - Server interrupt	6006

2013-01-16 00:12:52	LOGIN SUCCESS	6006
2013-01-16 00:13:07	PING from server	6006
2013-01-16 00:13:09	PAUSE SUCCESS	6006
2013-01-16 00:13:12	UNPAUSE SUCCESS	6006
2013-01-16 00:13:17	PING from server	6006
2013-01-16 00:13:27	PING from server	6006
2013-01-16 00:13:37	PING from server	6006
2013-01-16 00:13:47	PING from server	6006
2013-01-16 00:13:57	PING from server	6006
2013-01-16 00:14:07	PING from server	6006
2013-01-16 00:14:17	PING from server	6006
2013-01-16 00:14:27	PING from server	6006
2013-01-16 00:14:37	PING from server	6006
2013-01-16 00:14:47	PING from server	6006
2013-01-16 00:14:57	PING from server	6006
2013-01-16 00:15:07	PING from server	6006
2013-01-16 00:15:17	PING from server	6006
2013-01-16 00:15:27	PING from server	6006
2013-01-16 00:15:35	DISCONNECT SERVER - Server interrupt	6006

2013-01-16 00:16:16	LOGIN SUCCESS	6060
2013-01-16 00:16:31	PING from server	6060
2013-01-16 00:16:41	PING from server	6060
2013-01-16 00:16:51	PING from server	6060
2013-01-16 00:17:01	PING from server	6060
2013-01-16 00:17:11	PING from server	6060
2013-01-16 00:17:21	PING from server	6060
2013-01-16 00:17:31	PING from server	6060
2013-01-16 00:17:41	PING from server	6060
2013-01-16 00:17:51	PING from server	6060
2013-01-16 00:17:59	PAUSE SUCCESS	6060
2013-01-16 00:18:00	UNPAUSE SUCCESS	6060
2013-01-16 00:18:01	LOGOUT SUCCESS	6060

2013-01-16 00:18:29	LOGIN SUCCESS	6060
2013-01-16 00:18:44	PING from server	6060
2013-01-16 00:18:54	PING from server	6060
2013-01-16 00:19:04	PING from server	6060
2013-01-16 00:19:14	PING from server	6060
2013-01-16 00:19:24	PING from server	6060
2013-01-16 00:19:34	PING from server	6060
2013-01-16 00:19:44	PING from server	6060
2013-01-16 00:19:54	PING from server	6060
2013-01-16 00:20:04	PING from server	6060
2013-01-16 00:20:14	PING from server	6060
2013-01-16 00:20:24	PING from server	6060
2013-01-16 00:20:31	PAUSE SUCCESS	6060
2013-01-16 00:20:32	UNPAUSE SUCCESS	6060
2013-01-16 00:20:34	PING from server	6060
2013-01-16 00:20:44	PING from server	6060
2013-01-16 00:20:54	PING from server	6060
2013-01-16 00:21:04	PING from server	6060
2013-01-16 00:21:06	LOGOUT SUCCESS	6060

2013-01-16 13:43:32	LOGIN SUCCESS	6006
2013-01-16 13:43:36	PING from server	6006
2013-01-16 13:43:41	PING from server	6006
2013-01-16 13:43:46	PING from server	6006
2013-01-16 13:43:49	LOGOUT SUCCESS	6006

2013-01-16 13:44:09	LOGIN SUCCESS	6006
2013-01-16 13:44:14	PING from server	6006
2013-01-16 13:44:19	PING from server	6006
2013-01-16 13:44:24	PING from server	6006
2013-01-16 13:44:29	PING from server	6006
2013-01-16 13:44:30	DISCONNECT SERVER(interupt)	6006

2013-01-16 13:49:24	LOGIN SUCCESS	6004
2013-01-16 13:49:27	PAUSE SUCCESS	6004
2013-01-16 13:49:29	PING from server	6004
2013-01-16 13:49:34	PING from server	6004
2013-01-16 13:49:38	UNPAUSE SUCCESS	6004
2013-01-16 13:49:39	PING from server	6004
2013-01-16 13:49:44	PING from server	6004
2013-01-16 13:53:21	LOGIN SUCCESS	6100
2013-01-16 13:53:26	PING from server	6100
2013-01-16 13:53:31	PING from server	6100
2013-01-16 13:53:36	PING from server	6100
2013-01-16 13:53:41	PING from server	6100
2013-01-16 13:53:46	PING from server	6100
2013-01-16 13:53:51	PING from server	6100
2013-01-16 13:53:56	PING from server	6100
2013-01-16 13:54:01	PING from server	6100
2013-01-16 13:55:04	LOGIN SUCCESS	6100
2013-01-16 13:55:09	PING from server	6100
2013-01-16 13:55:14	PING from server	6100
2013-01-16 13:55:19	PING from server	6100
2013-01-16 13:55:24	PING from server	6100
2013-01-16 13:55:29	PING from server	6100
2013-01-16 13:55:29	DISCONNECT SERVER(interupt)	6100

2013-01-16 13:56:05	LOGIN SUCCESS	6100
2013-01-16 13:56:10	PING from server	6100
2013-01-16 13:56:15	PING from server	6100
2013-01-16 13:56:20	DIALOUT	0978420190
2013-01-16 13:56:20	PING from server	6100
2013-01-16 13:56:25	PING from server	6100
2013-01-16 13:56:30	PING from server	6100
2013-01-16 13:56:33	CONNECTED DIALOUT	0978420190
2013-01-16 13:56:35	PING from server	6100
2013-01-16 13:56:40	PING from server	6100
2013-01-16 13:56:41	HANGUP DIALOUT	0978420190
2013-01-16 13:56:45	PING from server	6100
2013-01-16 13:56:50	PING from server	6100
2013-01-16 13:56:55	PING from server	6100
2013-01-16 13:57:00	PING from server	6100
2013-01-16 13:57:05	PING from server	6100
2013-01-16 13:57:10	PING from server	6100
2013-01-16 13:57:15	RINGING	8004
2013-01-16 13:57:15	PING from server	6100
2013-01-16 13:57:15	CONNECTED	8004
2013-01-16 13:57:20	PING from server	6100
2013-01-16 13:57:25	COMPLETED	8004
2013-01-16 13:57:25	PING from server	6100
2013-01-16 13:57:26	PAUSE SUCCESS	6100
2013-01-16 13:57:28	UNPAUSE SUCCESS	6100
2013-01-16 13:57:30	PING from server	6100
2013-01-16 13:57:35	PING from server	6100
2013-01-16 13:57:40	PING from server	6100
2013-01-16 13:57:45	PING from server	6100
2013-01-16 13:57:50	PING from server	6100
2013-01-16 13:57:52	PAUSE SUCCESS	6100
2013-01-16 13:57:55	PING from server	6100
2013-01-16 14:00:08	LOGIN SUCCESS	6100
2013-01-16 14:00:12	PING from server	6100
2013-01-16 14:00:14	PAUSE SUCCESS	6100
2013-01-16 14:00:17	PING from server	6100
2013-01-16 14:00:19	UNPAUSE SUCCESS	6100
2013-01-16 14:00:22	PING from server	6100
2013-01-16 14:00:27	PING from server	6100
2013-01-16 14:00:32	PING from server	6100
2013-01-16 14:00:35	PAUSE SUCCESS	6100
2013-01-16 14:00:36	UNPAUSE SUCCESS	6100
2013-01-16 14:00:37	PING from server	6100
2013-01-16 14:00:42	PING from server	6100
2013-01-16 14:00:44	DIALOUT	0978420190
2013-01-16 14:00:47	PING from server	6100
2013-01-16 14:00:49	HANGUP DIALOUT	0978420190
2013-01-16 14:00:52	DIALOUT	0978420190
2013-01-16 14:00:52	PING from server	6100
2013-01-16 14:00:57	PING from server	6100
2013-01-16 14:01:02	PING from server	6100
2013-01-16 14:01:03	CONNECTED DIALOUT	0978420190
2013-01-16 14:01:06	HANGUP DIALOUT	0978420190
2013-01-16 14:01:07	PING from server	6100
2013-01-16 14:01:12	PING from server	6100
2013-01-16 14:01:17	PING from server	6100
2013-01-16 14:01:22	PING from server	6100
2013-01-16 14:01:27	PING from server	6100
2013-01-16 14:01:28	DIALOUT	0978420190
2013-01-16 14:01:32	PING from server	6100
2013-01-16 14:01:37	HANGUP DIALOUT	0978420190
2013-01-16 14:01:38	PING from server	6100
2013-01-16 14:01:42	PING from server	6100
2013-01-16 14:01:47	PING from server	6100
2013-01-16 14:01:52	PING from server	6100
2013-01-16 14:01:57	LOGOUT SUCCESS	6100

2013-01-16 14:03:24	LOGIN SUCCESS	6100
2013-01-16 14:03:29	PING from server	6100
2013-01-16 14:03:32	RINGING	8004
2013-01-16 14:03:34	PING from server	6100
2013-01-16 14:03:39	PING from server	6100
2013-01-16 14:03:43	RING NOANWSER	8004
2013-01-16 14:03:44	PING from server	6100
2013-01-16 14:03:46	RINGING	8004
2013-01-16 14:03:49	PING from server	6100
2013-01-16 14:03:54	PING from server	6100
2013-01-16 14:03:57	RING NOANWSER	8004
2013-01-16 14:03:59	PING from server	6100
2013-01-16 14:04:00	RINGING	8004
2013-01-16 14:04:02	RING NOANWSER	8004
2013-01-16 14:04:04	PING from server	6100
2013-01-16 14:04:10	LOGOUT SUCCESS	6100

2013-01-16 14:07:34	LOGIN SUCCESS	6060
2013-01-16 14:07:37	PAUSE SUCCESS	6060
2013-01-16 14:07:39	PING from server	6060
2013-01-16 14:07:44	PING from server	6060
2013-01-16 14:07:49	PING from server	6060
2013-01-16 14:07:54	PING from server	6060
2013-01-16 14:07:59	PING from server	6060
2013-01-16 14:07:59	UNPAUSE SUCCESS	6060
2013-01-16 14:08:04	PING from server	6060
2013-01-16 14:08:09	PING from server	6060
2013-01-16 15:13:42	LOGIN SUCCESS	6100
2013-01-16 15:13:47	PING from server	6100
2013-01-16 15:13:52	PING from server	6100
2013-01-16 15:13:57	PING from server	6100
2013-01-16 15:14:00	DISCONNECT SERVER - Server interrupt	6100

2013-01-16 15:15:08	LOGIN SUCCESS	6100
2013-01-16 15:15:09	PAUSE SUCCESS	6100
2013-01-16 15:15:13	PING from server	6100
2013-01-16 15:15:18	PING from server	6100
2013-01-16 15:15:20	DISCONNECT SERVER - Server interrupt	6100

2013-01-16 15:16:53	LOGIN SUCCESS	6100
2013-01-16 15:16:58	PING from server	6100
2013-01-16 15:17:03	PING from server	6100
2013-01-16 15:17:08	PING from server	6100
2013-01-16 15:19:28	LOGIN SUCCESS	6100
2013-01-16 15:19:33	PING from server	6100
2013-01-16 15:19:38	PING from server	6100
2013-01-16 15:39:01	LOGIN SUCCESS	6100
2013-01-16 15:39:02	PAUSE SUCCESS	6100
2013-01-16 15:39:06	PING from server	6100
2013-01-16 15:39:11	PING from server	6100
2013-01-16 15:39:14	UNPAUSE SUCCESS	6100
2013-01-16 15:39:16	PING from server	6100
2013-01-16 15:39:21	PING from server	6100
2013-01-16 15:39:26	PING from server	6100
2013-01-16 15:40:44	LOGIN SUCCESS	6100
2013-01-16 15:40:49	PING from server	6100
2013-01-16 15:44:25	LOGIN SUCCESS	6100
2013-01-16 15:44:27	PAUSE SUCCESS	6100
2013-01-16 15:44:28	UNPAUSE SUCCESS	6100
2013-01-16 15:44:30	PING from server	6100
2013-01-16 15:44:37	LOGOUT SUCCESS	6100

2013-01-16 15:49:25	LOGIN SUCCESS	6100
2013-01-16 15:49:30	PAUSE SUCCESS	6100
2013-01-16 15:49:30	PING from server	6100
2013-01-16 15:49:35	PING from server	6100
2013-01-16 15:49:40	UNPAUSE SUCCESS	6100
2013-01-16 15:49:40	PING from server	6100
2013-01-16 15:51:32	LOGIN SUCCESS	6100
2013-01-16 15:52:37	LOGIN SUCCESS	6100
2013-01-16 15:53:43	LOGIN SUCCESS	6100
2013-01-16 15:56:55	LOGIN SUCCESS	6100
2013-01-16 15:57:00	PING from server	6100
2013-01-16 15:57:04	PAUSE SUCCESS	6100
2013-01-16 15:57:05	UNPAUSE SUCCESS	6100
2013-01-16 15:57:05	PING from server	6100
2013-01-16 15:57:10	PING from server	6100
2013-01-16 15:57:48	LOGIN FAIL	6100
2013-01-16 15:57:59	LOGIN SUCCESS	6100
2013-01-16 15:58:05	LOGOUT SUCCESS	6100

2013-01-16 16:03:55	LOGIN SUCCESS	6100
2013-01-16 16:03:58	PAUSE SUCCESS	6100
2013-01-16 16:04:00	UNPAUSE SUCCESS	6100
2013-01-16 16:04:00	PING from server	6100
2013-01-16 16:04:05	LOGOUT SUCCESS	6100

2013-01-16 16:04:22	LOGIN SUCCESS	6100
2013-01-16 16:04:27	PING from server	6100
2013-01-16 16:04:53	LOGIN SUCCESS	6100
2013-01-16 16:04:57	PING from server	6100
2013-01-16 16:05:38	LOGIN SUCCESS	6100
2013-01-16 16:05:43	PING from server	6100
2013-01-16 16:05:43	PAUSE SUCCESS	6100
2013-01-16 16:05:44	UNPAUSE SUCCESS	6100
2013-01-16 16:06:44	LOGIN SUCCESS	6100
2013-01-16 16:06:49	PING from server	6100
2013-01-16 16:06:54	PING from server	6100
2013-01-16 16:06:59	PING from server	6100
